<?xml version="1.0" encoding="UTF-8"?>
<testsuite name="com.test.interviewer.MenuTest" tests="2" skipped="0" failures="0" errors="0" timestamp="2023-07-29T07:23:32" hostname="MMsi" time="0.018">
  <properties/>
  <testcase name="addNewInterviewer()" classname="com.test.interviewer.MenuTest" time="0.015"/>
  <testcase name="getInterviewer()" classname="com.test.interviewer.MenuTest" time="0.003"/>
  <system-out><![CDATA[]]></system-out>
  <system-err><![CDATA[]]></system-err>
</testsuite>
