<?xml version="1.0" encoding="UTF-8"?>
<testsuite name="com.test.interviewer.models.InterviewTypeTest" tests="5" skipped="0" failures="0" errors="0" timestamp="2023-07-31T05:54:42" hostname="MMsi" time="0.006">
  <properties/>
  <testcase name="getByNonExistingDescription()" classname="com.test.interviewer.models.InterviewTypeTest" time="0.001"/>
  <testcase name="getByDescription()" classname="com.test.interviewer.models.InterviewTypeTest" time="0.0"/>
  <testcase name="delete()" classname="com.test.interviewer.models.InterviewTypeTest" time="0.001"/>
  <testcase name="add()" classname="com.test.interviewer.models.InterviewTypeTest" time="0.001"/>
  <testcase name="save()" classname="com.test.interviewer.models.InterviewTypeTest" time="0.001"/>
  <system-out><![CDATA[1
1
]]></system-out>
  <system-err><![CDATA[]]></system-err>
</testsuite>
