<?xml version="1.0" encoding="UTF-8"?>
<testsuite name="com.test.interviewer.models.InterviewerTest" tests="1" skipped="0" failures="0" errors="0" timestamp="2023-07-31T05:02:29" hostname="MMsi" time="0.027">
  <properties/>
  <testcase name="delete()" classname="com.test.interviewer.models.InterviewerTest" time="0.027"/>
  <system-out><![CDATA[]]></system-out>
  <system-err><![CDATA[]]></system-err>
</testsuite>
