<?xml version="1.0" encoding="UTF-8"?>
<testsuite name="com.test.interviewer.models.CandidateTest" tests="5" skipped="0" failures="0" errors="0" timestamp="2023-08-01T22:18:47" hostname="MMsi" time="0.013">
  <properties/>
  <testcase name="delete()" classname="com.test.interviewer.models.CandidateTest" time="0.002"/>
  <testcase name="add()" classname="com.test.interviewer.models.CandidateTest" time="0.002"/>
  <testcase name="save()" classname="com.test.interviewer.models.CandidateTest" time="0.002"/>
  <testcase name="getByNonExistingEmail()" classname="com.test.interviewer.models.CandidateTest" time="0.001"/>
  <testcase name="getByEmail()" classname="com.test.interviewer.models.CandidateTest" time="0.001"/>
  <system-out><![CDATA[1
1
]]></system-out>
  <system-err><![CDATA[]]></system-err>
</testsuite>
