<?xml version="1.0" encoding="UTF-8"?>
<testsuite name="com.test.interviewer.MenuTest" tests="2" skipped="0" failures="0" errors="0" timestamp="2023-07-31T05:54:42" hostname="MMsi" time="0.03">
  <properties/>
  <testcase name="addNewInterviewer()" classname="com.test.interviewer.MenuTest" time="0.026"/>
  <testcase name="getInterviewer()" classname="com.test.interviewer.MenuTest" time="0.002"/>
  <system-out><![CDATA[]]></system-out>
  <system-err><![CDATA[]]></system-err>
</testsuite>
